Determining if the pthread_create exist failed with the following output:
Change Dir: /home/hanyi/summer2020/tb3sim/build/CMakeFiles/CMakeTmp

Run Build Command:"/usr/bin/make" "cmTC_fd15f/fast"
/usr/bin/make -f CMakeFiles/cmTC_fd15f.dir/build.make CMakeFiles/cmTC_fd15f.dir/build
make[1]: Entering directory '/home/hanyi/summer2020/tb3sim/build/CMakeFiles/CMakeTmp'
Building C object CMakeFiles/cmTC_fd15f.dir/CheckSymbolExists.c.o
/usr/bin/cc    -o CMakeFiles/cmTC_fd15f.dir/CheckSymbolExists.c.o   -c /home/hanyi/summer2020/tb3sim/build/CMakeFiles/CMakeTmp/CheckSymbolExists.c
Linking C executable cmTC_fd15f
/usr/bin/cmake -E cmake_link_script CMakeFiles/cmTC_fd15f.dir/link.txt --verbose=1
/usr/bin/cc      -rdynamic CMakeFiles/cmTC_fd15f.dir/CheckSymbolExists.c.o  -o cmTC_fd15f 
CMakeFiles/cmTC_fd15f.dir/CheckSymbolExists.c.o: In function `main':
CheckSymbolExists.c:(.text+0x1b): undefined reference to `pthread_create'
collect2: error: ld returned 1 exit status
CMakeFiles/cmTC_fd15f.dir/build.make:97: recipe for target 'cmTC_fd15f' failed
make[1]: *** [cmTC_fd15f] Error 1
make[1]: Leaving directory '/home/hanyi/summer2020/tb3sim/build/CMakeFiles/CMakeTmp'
Makefile:126: recipe for target 'cmTC_fd15f/fast' failed
make: *** [cmTC_fd15f/fast] Error 2

File /home/hanyi/summer2020/tb3sim/build/CMakeFiles/CMakeTmp/CheckSymbolExists.c:
/* */
#include <pthread.h>

int main(int argc, char** argv)
{
  (void)argv;
#ifndef pthread_create
  return ((int*)(&pthread_create))[argc];
#else
  (void)argc;
  return 0;
#endif
}

Determining if the function pthread_create exists in the pthreads failed with the following output:
Change Dir: /home/hanyi/summer2020/tb3sim/build/CMakeFiles/CMakeTmp

Run Build Command:"/usr/bin/make" "cmTC_ccf87/fast"
/usr/bin/make -f CMakeFiles/cmTC_ccf87.dir/build.make CMakeFiles/cmTC_ccf87.dir/build
make[1]: Entering directory '/home/hanyi/summer2020/tb3sim/build/CMakeFiles/CMakeTmp'
Building C object CMakeFiles/cmTC_ccf87.dir/CheckFunctionExists.c.o
/usr/bin/cc   -DCHECK_FUNCTION_EXISTS=pthread_create   -o CMakeFiles/cmTC_ccf87.dir/CheckFunctionExists.c.o   -c /usr/share/cmake-3.10/Modules/CheckFunctionExists.c
Linking C executable cmTC_ccf87
/usr/bin/cmake -E cmake_link_script CMakeFiles/cmTC_ccf87.dir/link.txt --verbose=1
/usr/bin/cc  -DCHECK_FUNCTION_EXISTS=pthread_create    -rdynamic CMakeFiles/cmTC_ccf87.dir/CheckFunctionExists.c.o  -o cmTC_ccf87 -lpthreads 
/usr/bin/ld: cannot find -lpthreads
collect2: error: ld returned 1 exit status
CMakeFiles/cmTC_ccf87.dir/build.make:97: recipe for target 'cmTC_ccf87' failed
make[1]: *** [cmTC_ccf87] Error 1
make[1]: Leaving directory '/home/hanyi/summer2020/tb3sim/build/CMakeFiles/CMakeTmp'
Makefile:126: recipe for target 'cmTC_ccf87/fast' failed
make: *** [cmTC_ccf87/fast] Error 2


