\BOOKMARK [1][-]{section*.2}{Abstract}{}% 1
\BOOKMARK [1][-]{section.1}{Overview and Setup}{}% 2
\BOOKMARK [2][-]{subsection.1.1}{Remote PC Setup}{section.1}% 3
\BOOKMARK [3][-]{subsubsection.1.1.1}{Quick Installation using Shell Script \(recommended\)}{subsection.1.1}% 4
\BOOKMARK [3][-]{subsubsection.1.1.2}{Manual Installation of ROS Melodic}{subsection.1.1}% 5
\BOOKMARK [3][-]{subsubsection.1.1.3}{Network Configuration}{subsection.1.1}% 6
\BOOKMARK [3][-]{subsubsection.1.1.4}{Compiling Source Code on Remote PC}{subsection.1.1}% 7
\BOOKMARK [2][-]{subsection.1.2}{Rasberry Pi SBC Setup}{section.1}% 8
\BOOKMARK [2][-]{subsection.1.3}{OpenCR Setup}{section.1}% 9
\BOOKMARK [1][-]{section.2}{Syncing Time using NTP Server and Client}{}% 10
\BOOKMARK [2][-]{subsection.2.1}{Configure NTP Server on the Remote PC}{section.2}% 11
\BOOKMARK [2][-]{subsection.2.2}{Configure NTP Client on the SBC}{section.2}% 12
\BOOKMARK [1][-]{section.3}{Bring up the Turtlebot}{}% 13
\BOOKMARK [1][-]{section.4}{Repository Introduction}{}% 14
\BOOKMARK [1][-]{section.5}{Torque Control using Dynamixel}{}% 15
\BOOKMARK [1][-]{section.6}{Turtlebot Graphical User Interface}{}% 16
\BOOKMARK [2][-]{subsection.6.1}{Qt}{section.6}% 17
\BOOKMARK [2][-]{subsection.6.2}{GUI Widget Walkthrough}{section.6}% 18
\BOOKMARK [3][-]{subsubsection.6.2.1}{Model Configuration}{subsection.6.2}% 19
\BOOKMARK [3][-]{subsubsection.6.2.2}{Controller Configuration}{subsection.6.2}% 20
\BOOKMARK [3][-]{subsubsection.6.2.3}{2d Navigation Goal}{subsection.6.2}% 21
